<?xml version="1.0" encoding="UTF-8"?>
<testng-results ignored="1" total="2" passed="0" failed="1" skipped="0">
  <reporter-output>
  </reporter-output>
  <suite started-at="2021-12-16T15:12:48 IST" name="Default suite" finished-at="2021-12-16T15:14:22 IST" duration-ms="93952">
    <groups>
      <group name="Regression Testing">
        <method signature="TC003_CreateContactTest.CreatContact()[pri:0, instance:com.login.TC003_CreateContactTest@ffaa6af]" name="CreatContact" class="com.login.TC003_CreateContactTest"/>
      </group> <!-- Regression Testing -->
    </groups>
    <test started-at="2021-12-16T15:12:48 IST" name="Default test" finished-at="2021-12-16T15:14:22 IST" duration-ms="93952">
      <class name="com.login.TC003_CreateContactTest">
        <test-method is-config="true" signature="setUp()[pri:0, instance:com.login.TC003_CreateContactTest@ffaa6af]" started-at="2021-12-16T15:12:48 IST" name="setUp" finished-at="2021-12-16T15:12:48 IST" duration-ms="20" status="PASS">
          <reporter-output>
          </reporter-output>
        </test-method> <!-- setUp -->
        <test-method is-config="true" signature="BrowserLunchandGetUrl()[pri:0, instance:com.login.TC003_CreateContactTest@ffaa6af]" started-at="2021-12-16T15:12:48 IST" name="BrowserLunchandGetUrl" finished-at="2021-12-16T15:13:06 IST" duration-ms="17867" status="PASS">
          <reporter-output>
          </reporter-output>
        </test-method> <!-- BrowserLunchandGetUrl -->
        <test-method is-config="true" signature="LoginintoApp()[pri:0, instance:com.login.TC003_CreateContactTest@ffaa6af]" started-at="2021-12-16T15:13:06 IST" name="LoginintoApp" finished-at="2021-12-16T15:13:20 IST" duration-ms="13797" status="PASS">
          <reporter-output>
          </reporter-output>
        </test-method> <!-- LoginintoApp -->
        <test-method signature="CreatContact()[pri:0, instance:com.login.TC003_CreateContactTest@ffaa6af]" started-at="2021-12-16T15:13:20 IST" name="CreatContact" finished-at="2021-12-16T15:14:16 IST" duration-ms="56056" status="FAIL">
          <exception class="org.openqa.selenium.NoSuchElementException">
            <message>
              <![CDATA[Cannot locate option with text: Mendy160
For documentation on this error, please visit: https://selenium.dev/exceptions/#no_such_element
Build info: version: '4.0.0', revision: '3a21814679'
System info: host: 'DESKTOP-KRO9T2E', ip: '192.168.60.196', os.name: 'Windows 10', os.arch: 'amd64', os.version: '10.0', java.version: '11.0.10'
Driver info: driver.version: unknown]]>
            </message>
            <full-stacktrace>
              <![CDATA[org.openqa.selenium.NoSuchElementException: Cannot locate option with text: Mendy160
For documentation on this error, please visit: https://selenium.dev/exceptions/#no_such_element
Build info: version: '4.0.0', revision: '3a21814679'
System info: host: 'DESKTOP-KRO9T2E', ip: '192.168.60.196', os.name: 'Windows 10', os.arch: 'amd64', os.version: '10.0', java.version: '11.0.10'
Driver info: driver.version: unknown
at org.openqa.selenium.support.ui.Select.selectByVisibleText(Select.java:151)
at com.Vtiger.genericUtil.WebDriverUtil.selectvisibletextfromdd(WebDriverUtil.java:40)
at com.Vitiger.POMclasses.ContactInfo.searchcreatedcontact(ContactInfo.java:52)
at com.login.TC003_CreateContactTest.CreatContact(TC003_CreateContactTest.java:36)
at java.base/jdk.internal.reflect.NativeMethodAccessorImpl.invoke0(Native Method)
at java.base/jdk.internal.reflect.NativeMethodAccessorImpl.invoke(NativeMethodAccessorImpl.java:62)
at java.base/jdk.internal.reflect.DelegatingMethodAccessorImpl.invoke(DelegatingMethodAccessorImpl.java:43)
at java.base/java.lang.reflect.Method.invoke(Method.java:566)
at org.testng.internal.MethodInvocationHelper.invokeMethod(MethodInvocationHelper.java:133)
at org.testng.internal.TestInvoker.invokeMethod(TestInvoker.java:598)
at org.testng.internal.TestInvoker.invokeTestMethod(TestInvoker.java:173)
at org.testng.internal.MethodRunner.runInSequence(MethodRunner.java:46)
at org.testng.internal.TestInvoker$MethodInvocationAgent.invoke(TestInvoker.java:824)
at org.testng.internal.TestInvoker.invokeTestMethods(TestInvoker.java:146)
at org.testng.internal.TestMethodWorker.invokeTestMethods(TestMethodWorker.java:146)
at org.testng.internal.TestMethodWorker.run(TestMethodWorker.java:128)
at java.base/java.util.ArrayList.forEach(ArrayList.java:1541)
at org.testng.TestRunner.privateRun(TestRunner.java:794)
at org.testng.TestRunner.run(TestRunner.java:596)
at org.testng.SuiteRunner.runTest(SuiteRunner.java:377)
at org.testng.SuiteRunner.runSequentially(SuiteRunner.java:371)
at org.testng.SuiteRunner.privateRun(SuiteRunner.java:332)
at org.testng.SuiteRunner.run(SuiteRunner.java:276)
at org.testng.SuiteRunnerWorker.runSuite(SuiteRunnerWorker.java:53)
at org.testng.SuiteRunnerWorker.run(SuiteRunnerWorker.java:96)
at org.testng.TestNG.runSuitesSequentially(TestNG.java:1212)
at org.testng.TestNG.runSuitesLocally(TestNG.java:1134)
at org.testng.TestNG.runSuites(TestNG.java:1063)
at org.testng.TestNG.run(TestNG.java:1031)
at org.testng.remote.AbstractRemoteTestNG.run(AbstractRemoteTestNG.java:115)
at org.testng.remote.RemoteTestNG.initAndRun(RemoteTestNG.java:251)
at org.testng.remote.RemoteTestNG.main(RemoteTestNG.java:77)
]]>
            </full-stacktrace>
          </exception> <!-- org.openqa.selenium.NoSuchElementException -->
          <reporter-output>
          </reporter-output>
        </test-method> <!-- CreatContact -->
        <test-method is-config="true" signature="LogoutApp()[pri:0, instance:com.login.TC003_CreateContactTest@ffaa6af]" started-at="2021-12-16T15:14:16 IST" name="LogoutApp" finished-at="2021-12-16T15:14:22 IST" duration-ms="5519" status="PASS">
          <reporter-output>
          </reporter-output>
        </test-method> <!-- LogoutApp -->
        <test-method is-config="true" signature="CloseBrowser()[pri:0, instance:com.login.TC003_CreateContactTest@ffaa6af]" started-at="2021-12-16T15:14:22 IST" name="CloseBrowser" finished-at="2021-12-16T15:14:22 IST" duration-ms="549" status="PASS">
          <reporter-output>
          </reporter-output>
        </test-method> <!-- CloseBrowser -->
        <test-method is-config="true" signature="disconnectfromDB()[pri:0, instance:com.login.TC003_CreateContactTest@ffaa6af]" started-at="2021-12-16T15:14:23 IST" name="disconnectfromDB" finished-at="2021-12-16T15:14:23 IST" duration-ms="1" status="PASS">
          <reporter-output>
          </reporter-output>
        </test-method> <!-- disconnectfromDB -->
      </class> <!-- com.login.TC003_CreateContactTest -->
    </test> <!-- Default test -->
  </suite> <!-- Default suite -->
</testng-results>
