<?xml version="1.0" encoding="UTF-8"?>
<!-- Generated by org.testng.reporters.JUnitXMLReporter -->
<testsuite ignored="6" hostname="DESKTOP-KRO9T2E" failures="0" tests="3" name="Test" time="0.178" errors="0" timestamp="2021-12-17T12:08:30 IST">
  <testcase classname="com.Vitiger.POMclasses.BaseClass" name="@BeforeClass BrowserLunchandGetUrl" time="0.001">
    <failure type="java.lang.NullPointerException">
      <![CDATA[java.lang.NullPointerException
at com.Vitiger.POMclasses.BaseClass.BrowserLunchandGetUrl(BaseClass.java:40)
at java.base/java.util.ArrayList.forEach(ArrayList.java:1541)
... Removed 25 stack frames]]>
    </failure>
  </testcase> <!-- @BeforeClass BrowserLunchandGetUrl -->
  <testcase classname="com.Vitiger.POMclasses.BaseClass" name="@BeforeMethod LoginintoApp" time="-1.6397231103E9">
    <skipped/>
  </testcase> <!-- @BeforeMethod LoginintoApp -->
  <testcase classname="com.Vitiger.POMclasses.BaseClass" name="@AfterMethod LogoutApp" time="-1.639723110313E9">
    <skipped/>
  </testcase> <!-- @AfterMethod LogoutApp -->
  <testcase classname="com.Vitiger.POMclasses.BaseClass" name="@AfterClass CloseBrowser" time="-1.639723110322E9">
    <skipped/>
  </testcase> <!-- @AfterClass CloseBrowser -->
  <testcase classname="com.Vitiger.POMclasses.BaseClass" name="@BeforeClass BrowserLunchandGetUrl" time="0.001">
    <failure type="java.lang.NullPointerException">
      <![CDATA[java.lang.NullPointerException
at com.Vitiger.POMclasses.BaseClass.BrowserLunchandGetUrl(BaseClass.java:40)
at java.base/java.util.ArrayList.forEach(ArrayList.java:1541)
... Removed 25 stack frames]]>
    </failure>
  </testcase> <!-- @BeforeClass BrowserLunchandGetUrl -->
  <testcase classname="com.Vitiger.POMclasses.BaseClass" name="@BeforeMethod LoginintoApp" time="-1.639723110338E9">
    <skipped/>
  </testcase> <!-- @BeforeMethod LoginintoApp -->
  <testcase classname="com.Vitiger.POMclasses.BaseClass" name="@AfterMethod LogoutApp" time="-1.639723110355E9">
    <skipped/>
  </testcase> <!-- @AfterMethod LogoutApp -->
  <testcase classname="com.Vitiger.POMclasses.BaseClass" name="@AfterClass CloseBrowser" time="-1.639723110358E9">
    <skipped/>
  </testcase> <!-- @AfterClass CloseBrowser -->
  <testcase classname="com.Vitiger.POMclasses.BaseClass" name="@BeforeClass BrowserLunchandGetUrl" time="0.001">
    <failure type="java.lang.NullPointerException">
      <![CDATA[java.lang.NullPointerException
at com.Vitiger.POMclasses.BaseClass.BrowserLunchandGetUrl(BaseClass.java:40)
at java.base/java.util.ArrayList.forEach(ArrayList.java:1541)
... Removed 25 stack frames]]>
    </failure>
  </testcase> <!-- @BeforeClass BrowserLunchandGetUrl -->
  <testcase classname="com.Vitiger.POMclasses.BaseClass" name="@BeforeMethod LoginintoApp" time="-1.639723110368E9">
    <skipped/>
  </testcase> <!-- @BeforeMethod LoginintoApp -->
  <testcase classname="com.Vitiger.POMclasses.BaseClass" name="@AfterMethod LogoutApp" time="-1.639723110391E9">
    <skipped/>
  </testcase> <!-- @AfterMethod LogoutApp -->
  <testcase classname="com.Vitiger.POMclasses.BaseClass" name="@AfterClass CloseBrowser" time="-1.6397231104E9">
    <skipped/>
  </testcase> <!-- @AfterClass CloseBrowser -->
  <testcase classname="com.login.TC001_CreateOrganizationTest" name="CreatOrganization" time="0.0">
    <skipped/>
  </testcase> <!-- CreatOrganization -->
  <testcase classname="com.login.TC002_CreateOrganizationddTest" name="CreatOrgDropdownTest" time="0.0">
    <skipped/>
  </testcase> <!-- CreatOrgDropdownTest -->
  <testcase classname="com.login.TC003_CreateContactTest" name="CreatContact" time="0.0">
    <skipped/>
  </testcase> <!-- CreatContact -->
  <testcase classname="com.Vitiger.POMclasses.BaseClass" name="@BeforeSuite setUp" time="0.0">
    <ignored/>
  </testcase> <!-- @BeforeSuite setUp -->
  <testcase classname="com.Vitiger.POMclasses.BaseClass" name="@BeforeSuite setUp" time="0.0">
    <ignored/>
  </testcase> <!-- @BeforeSuite setUp -->
  <testcase classname="com.login.TC001_CreateOrganizationTest" name="OrgNameWithNumber" time="0.0">
    <ignored/>
  </testcase> <!-- OrgNameWithNumber -->
  <testcase classname="com.login.TC003_CreateContactTest" name="CreatContactOnly" time="0.0">
    <ignored/>
  </testcase> <!-- CreatContactOnly -->
  <testcase classname="com.Vitiger.POMclasses.BaseClass" name="@AfterSuite disconnectfromDB" time="0.0">
    <ignored/>
  </testcase> <!-- @AfterSuite disconnectfromDB -->
  <testcase classname="com.Vitiger.POMclasses.BaseClass" name="@AfterSuite disconnectfromDB" time="0.0">
    <ignored/>
  </testcase> <!-- @AfterSuite disconnectfromDB -->
</testsuite> <!-- Test -->
