<?xml version="1.0" encoding="UTF-8"?>
<!-- Generated by org.testng.reporters.JUnitXMLReporter -->
<testsuite ignored="1" hostname="DESKTOP-KRO9T2E" failures="0" tests="1" name="Default test" time="50.516" errors="0" timestamp="2021-12-16T22:45:12 IST">
  <testcase classname="com.login.TC003_CreateContactTest" name="CreatContact" time="29.275"/>
  <testcase classname="com.login.TC003_CreateContactTest" name="CreatContactOnly" time="0.0">
    <ignored/>
  </testcase> <!-- CreatContactOnly -->
</testsuite> <!-- Default test -->
