<?xml version="1.0" encoding="UTF-8"?>
<!-- Generated by org.testng.reporters.JUnitXMLReporter -->
<testsuite ignored="1" hostname="DESKTOP-KRO9T2E" failures="0" tests="1" name="Default test" time="51.726" errors="0" timestamp="2021-12-17T00:09:45 IST">
  <testcase classname="com.login.TC003_CreateContactTest" name="CreatContactOnly" time="33.947"/>
  <testcase classname="com.login.TC003_CreateContactTest" name="CreatContact" time="0.0">
    <ignored/>
  </testcase> <!-- CreatContact -->
</testsuite> <!-- Default test -->
